x0             0x1                 1
x1             0xfffffffff6f8      281474976708344
x2             0xfffffffff708      281474976708360
x3             0xaaaaaaaa1f54      187649984438100
x4             0x0                 0
x5             0xf07de36454a5b00c  -1117487112461635572
x6             0x0                 0
x7             0xfffffffff438      281474976707640
x8             0xfffff7e93e30      281474841001520
x9             0xfffff7f68198      281474841870744
x10            0x0                 0
x11            0x0                 0
x12            0xfffff7b85228      281474837795368
x13            0x0                 0
x14            0xfffff7f68118      281474841870616
x15            0x0                 0
x16            0x0                 0
x17            0x9f                159
x18            0x13a               314
x19            0xaaaaaaaaedb0      187649984490928
x20            0x0                 0
x21            0xaaaaaaaa1e40      187649984437824
x22            0x0                 0
x23            0x0                 0
x24            0x0                 0
x25            0x0                 0
x26            0x0                 0
x27            0x0                 0
x28            0x0                 0
x29            0xfffffffff5a0      281474976708000
x30            0xfffff7ba2218      281474837914136
sp             0xfffffffff5a0      0xfffffffff5a0
pc             0xaaaaaaaa1f60      0xaaaaaaaa1f60 <main+12>
cpsr           0x60200000          [ EL=0 SS C Z ]
fpsr           0x0                 0
fpcr           0x0                 0
=> 0xaaaaaaaa1f60 <main+12>:	mul	x17, x17, x18
x0             0x1                 1
x1             0xfffffffff6f8      281474976708344
x2             0xfffffffff708      281474976708360
x3             0xaaaaaaaa1f54      187649984438100
x4             0x0                 0
x5             0xf07de36454a5b00c  -1117487112461635572
x6             0x0                 0
x7             0xfffffffff438      281474976707640
x8             0xfffff7e93e30      281474841001520
x9             0xfffff7f68198      281474841870744
x10            0x0                 0
x11            0x0                 0
x12            0xfffff7b85228      281474837795368
x13            0x0                 0
x14            0xfffff7f68118      281474841870616
x15            0x0                 0
x16            0x0                 0
x17            0xc306              49926
x18            0x13a               314
x19            0xaaaaaaaaedb0      187649984490928
x20            0x0                 0
x21            0xaaaaaaaa1e40      187649984437824
x22            0x0                 0
x23            0x0                 0
x24            0x0                 0
x25            0x0                 0
x26            0x0                 0
x27            0x0                 0
x28            0x0                 0
x29            0xfffffffff5a0      281474976708000
x30            0xfffff7ba2218      281474837914136
sp             0xfffffffff5a0      0xfffffffff5a0
pc             0xaaaaaaaa1f64      0xaaaaaaaa1f64 <main+16>
cpsr           0x60200000          [ EL=0 SS C Z ]
fpsr           0x0                 0
fpcr           0x0                 0
-----------------------------------------------------
=> 0xaaaaaaaa1f64 <main+16>:	add	x17, x17, #0x1a
x0             0x1                 1
x1             0xfffffffff6f8      281474976708344
x2             0xfffffffff708      281474976708360
x3             0xaaaaaaaa1f54      187649984438100
x4             0x0                 0
x5             0xf07de36454a5b00c  -1117487112461635572
x6             0x0                 0
x7             0xfffffffff438      281474976707640
x8             0xfffff7e93e30      281474841001520
x9             0xfffff7f68198      281474841870744
x10            0x0                 0
x11            0x0                 0
x12            0xfffff7b85228      281474837795368
x13            0x0                 0
x14            0xfffff7f68118      281474841870616
x15            0x0                 0
x16            0x0                 0
x17            0xc320              49952
x18            0x13a               314
x19            0xaaaaaaaaedb0      187649984490928
x20            0x0                 0
x21            0xaaaaaaaa1e40      187649984437824
x22            0x0                 0
x23            0x0                 0
x24            0x0                 0
x25            0x0                 0
x26            0x0                 0
x27            0x0                 0
x28            0x0                 0
x29            0xfffffffff5a0      281474976708000
x30            0xfffff7ba2218      281474837914136
sp             0xfffffffff5a0      0xfffffffff5a0
pc             0xaaaaaaaa1f68      0xaaaaaaaa1f68 <main+20>
cpsr           0x60200000          [ EL=0 SS C Z ]
fpsr           0x0                 0
fpcr           0x0                 0
