x0             0x1                 1
x1             0xfffffffff6f8      281474976708344
x2             0xfffffffff708      281474976708360
x3             0xaaaaaaaa0724      187649984431908
x4             0x0                 0
x5             0xcaeda5d5ce5ce98   913907868928167576
x6             0xfffff7fc8788      281474842265480
x7             0x400000040000      70368744439808
x8             0xffffffffffffffff  -1
x9             0xffffffffffffffff  -1
x10            0x0                 0
x11            0x0                 0
x12            0xfffff7e5d228      281474840777256
x13            0x0                 0
x14            0x0                 0
x15            0x6fffff47          1879048007
x16            0x0                 0
x17            0x0                 0
x18            0xffffffffe170      281474976702832
x19            0xaaaaaaaa0740      187649984431936
x20            0x0                 0
x21            0xaaaaaaaa0610      187649984431632
x22            0x0                 0
x23            0x0                 0
x24            0x0                 0
x25            0x0                 0
x26            0x0                 0
x27            0x0                 0
x28            0x0                 0
x29            0xfffffffff5a0      281474976708000
x30            0xfffff7e7a218      281474840896024
sp             0xfffffffff5a0      0xfffffffff5a0
pc             0xaaaaaaaa0724      0xaaaaaaaa0724 <main()>
cpsr           0x60000000          [ EL=0 C Z ]
fpsr           0x0                 0
fpcr           0x0                 0
x0             0x1                 1
x1             0xfffffffff6f8      281474976708344
x2             0xfffffffff708      281474976708360
x3             0xaaaaaaaa0724      187649984431908
x4             0x0                 0
x5             0xcaeda5d5ce5ce98   913907868928167576
x6             0xfffff7fc8788      281474842265480
x7             0x400000040000      70368744439808
x8             0xffffffffffffffff  -1
x9             0xffffffffffffffff  -1
x10            0x0                 0
x11            0x0                 0
x12            0xfffff7e5d228      281474840777256
x13            0x0                 0
x14            0x0                 0
x15            0x6fffff47          1879048007
x16            0x0                 0
x17            0x0                 0
x18            0xffffffffe170      281474976702832
x19            0xaaaaaaaa0740      187649984431936
x20            0x0                 0
x21            0xaaaaaaaa0610      187649984431632
x22            0x0                 0
x23            0x0                 0
x24            0x0                 0
x25            0x0                 0
x26            0x0                 0
x27            0x0                 0
x28            0x0                 0
x29            0xfffffffff5a0      281474976708000
x30            0xfffff7e7a218      281474840896024
sp             0xfffffffff5a0      0xfffffffff5a0
pc             0xaaaaaaaa0724      0xaaaaaaaa0724 <main()>
cpsr           0x60000000          [ EL=0 C Z ]
fpsr           0x0                 0
fpcr           0x0                 0
=> 0xaaaaaaaa0724 <main()>:	mov	x18, #0x13a                 	// #314
x0             0x1                 1
x1             0xfffffffff6f8      281474976708344
x2             0xfffffffff708      281474976708360
x3             0xaaaaaaaa0724      187649984431908
x4             0x0                 0
x5             0xcaeda5d5ce5ce98   913907868928167576
x6             0xfffff7fc8788      281474842265480
x7             0x400000040000      70368744439808
x8             0xffffffffffffffff  -1
x9             0xffffffffffffffff  -1
x10            0x0                 0
x11            0x0                 0
x12            0xfffff7e5d228      281474840777256
x13            0x0                 0
x14            0x0                 0
x15            0x6fffff47          1879048007
x16            0x0                 0
x17            0x0                 0
x18            0x13a               314
x19            0xaaaaaaaa0740      187649984431936
x20            0x0                 0
x21            0xaaaaaaaa0610      187649984431632
x22            0x0                 0
x23            0x0                 0
x24            0x0                 0
x25            0x0                 0
x26            0x0                 0
x27            0x0                 0
x28            0x0                 0
x29            0xfffffffff5a0      281474976708000
x30            0xfffff7e7a218      281474840896024
sp             0xfffffffff5a0      0xfffffffff5a0
pc             0xaaaaaaaa0728      0xaaaaaaaa0728 <main()+4>
cpsr           0x60200000          [ EL=0 SS C Z ]
fpsr           0x0                 0
fpcr           0x0                 0
-----------------------------------------------------
=> 0xaaaaaaaa0728 <main()+4>:	mov	x17, #0x9f                  	// #159
x0             0x1                 1
x1             0xfffffffff6f8      281474976708344
x2             0xfffffffff708      281474976708360
x3             0xaaaaaaaa0724      187649984431908
x4             0x0                 0
x5             0xcaeda5d5ce5ce98   913907868928167576
x6             0xfffff7fc8788      281474842265480
x7             0x400000040000      70368744439808
x8             0xffffffffffffffff  -1
x9             0xffffffffffffffff  -1
x10            0x0                 0
x11            0x0                 0
x12            0xfffff7e5d228      281474840777256
x13            0x0                 0
x14            0x0                 0
x15            0x6fffff47          1879048007
x16            0x0                 0
x17            0x9f                159
x18            0x13a               314
x19            0xaaaaaaaa0740      187649984431936
x20            0x0                 0
x21            0xaaaaaaaa0610      187649984431632
x22            0x0                 0
x23            0x0                 0
x24            0x0                 0
x25            0x0                 0
x26            0x0                 0
x27            0x0                 0
x28            0x0                 0
x29            0xfffffffff5a0      281474976708000
x30            0xfffff7e7a218      281474840896024
sp             0xfffffffff5a0      0xfffffffff5a0
pc             0xaaaaaaaa072c      0xaaaaaaaa072c <main()+8>
cpsr           0x60200000          [ EL=0 SS C Z ]
fpsr           0x0                 0
fpcr           0x0                 0
-----------------------------------------------------
=> 0xaaaaaaaa072c <main()+8>:	mul	x17, x17, x18
x0             0x1                 1
x1             0xfffffffff6f8      281474976708344
x2             0xfffffffff708      281474976708360
x3             0xaaaaaaaa0724      187649984431908
x4             0x0                 0
x5             0xcaeda5d5ce5ce98   913907868928167576
x6             0xfffff7fc8788      281474842265480
x7             0x400000040000      70368744439808
x8             0xffffffffffffffff  -1
x9             0xffffffffffffffff  -1
x10            0x0                 0
x11            0x0                 0
x12            0xfffff7e5d228      281474840777256
x13            0x0                 0
x14            0x0                 0
x15            0x6fffff47          1879048007
x16            0x0                 0
x17            0xc306              49926
x18            0x13a               314
x19            0xaaaaaaaa0740      187649984431936
x20            0x0                 0
x21            0xaaaaaaaa0610      187649984431632
x22            0x0                 0
x23            0x0                 0
x24            0x0                 0
x25            0x0                 0
x26            0x0                 0
x27            0x0                 0
x28            0x0                 0
x29            0xfffffffff5a0      281474976708000
x30            0xfffff7e7a218      281474840896024
sp             0xfffffffff5a0      0xfffffffff5a0
pc             0xaaaaaaaa0730      0xaaaaaaaa0730 <main()+12>
cpsr           0x60200000          [ EL=0 SS C Z ]
fpsr           0x0                 0
fpcr           0x0                 0
-----------------------------------------------------
=> 0xaaaaaaaa0730 <main()+12>:	add	x17, x17, #0x1a
x0             0x1                 1
x1             0xfffffffff6f8      281474976708344
x2             0xfffffffff708      281474976708360
x3             0xaaaaaaaa0724      187649984431908
x4             0x0                 0
x5             0xcaeda5d5ce5ce98   913907868928167576
x6             0xfffff7fc8788      281474842265480
x7             0x400000040000      70368744439808
x8             0xffffffffffffffff  -1
x9             0xffffffffffffffff  -1
x10            0x0                 0
x11            0x0                 0
x12            0xfffff7e5d228      281474840777256
x13            0x0                 0
x14            0x0                 0
x15            0x6fffff47          1879048007
x16            0x0                 0
x17            0xc320              49952
x18            0x13a               314
x19            0xaaaaaaaa0740      187649984431936
x20            0x0                 0
x21            0xaaaaaaaa0610      187649984431632
x22            0x0                 0
x23            0x0                 0
x24            0x0                 0
x25            0x0                 0
x26            0x0                 0
x27            0x0                 0
x28            0x0                 0
x29            0xfffffffff5a0      281474976708000
x30            0xfffff7e7a218      281474840896024
sp             0xfffffffff5a0      0xfffffffff5a0
pc             0xaaaaaaaa0734      0xaaaaaaaa0734 <main()+16>
cpsr           0x60200000          [ EL=0 SS C Z ]
fpsr           0x0                 0
fpcr           0x0                 0
-----------------------------------------------------
=> 0xaaaaaaaa0734 <main()+16>:	mov	w0, #0x0                   	// #0
x0             0x0                 0
x1             0xfffffffff6f8      281474976708344
x2             0xfffffffff708      281474976708360
x3             0xaaaaaaaa0724      187649984431908
x4             0x0                 0
x5             0xcaeda5d5ce5ce98   913907868928167576
x6             0xfffff7fc8788      281474842265480
x7             0x400000040000      70368744439808
x8             0xffffffffffffffff  -1
x9             0xffffffffffffffff  -1
x10            0x0                 0
x11            0x0                 0
x12            0xfffff7e5d228      281474840777256
x13            0x0                 0
x14            0x0                 0
x15            0x6fffff47          1879048007
x16            0x0                 0
x17            0xc320              49952
x18            0x13a               314
x19            0xaaaaaaaa0740      187649984431936
x20            0x0                 0
x21            0xaaaaaaaa0610      187649984431632
x22            0x0                 0
x23            0x0                 0
x24            0x0                 0
x25            0x0                 0
x26            0x0                 0
x27            0x0                 0
x28            0x0                 0
x29            0xfffffffff5a0      281474976708000
x30            0xfffff7e7a218      281474840896024
sp             0xfffffffff5a0      0xfffffffff5a0
pc             0xaaaaaaaa0738      0xaaaaaaaa0738 <main()+20>
cpsr           0x60200000          [ EL=0 SS C Z ]
fpsr           0x0                 0
fpcr           0x0                 0
-----------------------------------------------------
=> 0xaaaaaaaa0738 <main()+20>:	ret
